TN:test_funct
SF:/mnt/d/Repos/C2_s21_stringplus-2/src/function/s21_insert.c
FN:3,s21_insert
FNDA:4,s21_insert
DA:3,4
DA:5,4
DA:6,4
DA:7,4
DA:11,4
DA:12,56
DA:13,52
DA:14,11
DA:15,41
DA:16,15
DA:18,26
DA:21,4
DA:22,4
DA:24,0
end_of_record
TN:test_funct
SF:/mnt/d/Repos/C2_s21_stringplus-2/src/function/s21_memchr.c
FN:3,s21_memchr
FNDA:9,s21_memchr
DA:3,9
DA:4,9
DA:5,9
DA:6,55
DA:7,46
DA:9,9
DA:10,5
DA:12,9
end_of_record
TN:test_funct
SF:/mnt/d/Repos/C2_s21_stringplus-2/src/function/s21_memcmp.c
FN:3,s21_memcmp
FNDA:5,s21_memcmp
DA:3,5
DA:4,5
DA:5,5
DA:6,27
DA:7,23
DA:8,1
DA:11,4
end_of_record
TN:test_funct
SF:/mnt/d/Repos/C2_s21_stringplus-2/src/function/s21_memcpy.c
FN:3,s21_memcpy
FNDA:1,s21_memcpy
DA:3,1
DA:4,1
DA:5,1
DA:6,9
DA:7,8
DA:9,1
end_of_record
TN:test_funct
SF:/mnt/d/Repos/C2_s21_stringplus-2/src/function/s21_memset.c
FN:3,s21_memset
FNDA:3,s21_memset
DA:3,3
DA:4,3
DA:5,14
DA:6,11
DA:8,3
end_of_record
TN:test_funct
SF:/mnt/d/Repos/C2_s21_stringplus-2/src/function/s21_sprintf.c
FN:29,get_flags
FNDA:248,get_flags
FN:63,get_width
FNDA:248,get_width
FN:82,get_accuracy
FNDA:248,get_accuracy
FN:106,get_length
FNDA:248,get_length
FN:127,intToString
FNDA:215,intToString
FN:165,print_d_i
FNDA:166,print_d_i
FN:270,dec_to_oct
FNDA:22,dec_to_oct
FN:290,dec_to_hex_str
FNDA:10,dec_to_hex_str
FN:319,print_u
FNDA:49,print_u
FN:418,print_c
FNDA:9,print_c
FN:445,double_to_string
FNDA:16,double_to_string
FN:496,SignAfterPoint
FNDA:10,SignAfterPoint
FN:510,removeTrailingZeros
FNDA:1,removeTrailingZeros
FN:533,print_f
FNDA:11,print_f
FN:659,print_s
FNDA:4,print_s
FN:699,for_exp
FNDA:5,for_exp
FN:712,for_mantissa
FNDA:5,for_mantissa
FN:723,print_e
FNDA:6,print_e
FN:823,print_g
FNDA:1,print_g
FN:850,print_p
FNDA:3,print_p
FN:924,s21_sprintf
FNDA:245,s21_sprintf
DA:29,248
DA:31,248
DA:32,440
DA:33,440
DA:34,63
DA:35,63
DA:36,63
DA:37,54
DA:38,54
DA:39,54
DA:40,12
DA:41,12
DA:42,12
DA:43,29
DA:44,29
DA:45,29
DA:46,34
DA:48,34
DA:49,34
DA:50,248
DA:51,248
DA:52,248
DA:54,440
DA:55,192
DA:57,248
DA:58,248
DA:60,248
DA:63,248
DA:64,248
DA:65,6
DA:66,6
DA:69,452
DA:70,452
DA:71,204
DA:72,204
DA:76,204
DA:79,248
DA:82,248
DA:83,248
DA:84,144
DA:86,144
DA:87,144
DA:88,1
DA:89,1
DA:92,290
DA:93,290
DA:94,146
DA:95,146
DA:99,146
DA:103,248
DA:106,248
DA:107,248
DA:108,7
DA:109,7
DA:110,7
DA:111,7
DA:112,6
DA:113,6
DA:114,6
DA:115,6
DA:116,3
DA:117,3
DA:118,3
DA:119,3
DA:120,232
DA:121,232
DA:124,248
DA:127,215
DA:128,215
DA:129,215
DA:132,215
DA:133,0
DA:134,0
DA:138,215
DA:139,16
DA:143,1005
DA:144,790
DA:145,790
DA:146,790
DA:150,215
DA:151,0
DA:155,584
DA:156,369
DA:157,369
DA:158,369
DA:162,215
DA:163,215
DA:165,166
DA:166,166
DA:167,166
DA:168,166
DA:169,166
DA:171,166
DA:173,166
DA:175,166
DA:176,1
DA:177,165
DA:178,1
DA:180,164
DA:182,166
DA:183,78
DA:184,78
DA:185,78
DA:187,166
DA:189,166
DA:190,166
DA:192,166
DA:193,61
DA:194,105
DA:195,35
DA:197,70
DA:199,166
DA:201,166
DA:202,42
DA:203,22
DA:205,20
DA:207,124
DA:208,54
DA:210,70
DA:212,166
DA:214,166
DA:215,50
DA:216,8
DA:218,166
DA:219,31
DA:220,31
DA:222,31
DA:223,45
DA:224,30
DA:227,31
DA:229,31
DA:230,22
DA:231,0
DA:232,0
DA:234,22
DA:235,54
DA:236,32
DA:240,135
DA:241,4
DA:242,135
DA:243,94
DA:244,11
DA:245,29
DA:246,18
DA:248,83
DA:249,197
DA:250,114
DA:252,83
DA:254,41
DA:255,25
DA:257,135
DA:258,33
DA:260,135
DA:261,192
DA:262,131
DA:265,135
DA:268,166
DA:269,166
DA:270,22
DA:271,22
DA:273,22
DA:274,132
DA:275,110
DA:277,110
DA:278,110
DA:279,110
DA:281,22
DA:282,132
DA:283,110
DA:284,110
DA:285,110
DA:288,22
DA:290,10
DA:291,10
DA:292,10
DA:293,2
DA:295,10
DA:296,10
DA:298,56
DA:299,46
DA:300,46
DA:301,25
DA:303,21
DA:304,21
DA:305,21
DA:306,21
DA:307,21
DA:308,21
DA:310,46
DA:312,33
DA:313,23
DA:314,23
DA:315,23
DA:317,10
DA:319,49
DA:320,49
DA:322,49
DA:323,6
DA:324,43
DA:325,5
DA:327,38
DA:330,49
DA:333,49
DA:334,49
DA:335,49
DA:336,49
DA:337,49
DA:338,42
DA:340,7
DA:342,49
DA:343,49
DA:345,49
DA:346,25
DA:347,24
DA:348,0
DA:350,24
DA:351,49
DA:352,49
DA:354,49
DA:355,22
DA:357,27
DA:359,49
DA:360,14
DA:361,1
DA:362,14
DA:363,2
DA:364,14
DA:366,14
DA:367,22
DA:368,14
DA:371,14
DA:372,0
DA:374,14
DA:376,14
DA:377,11
DA:378,0
DA:379,0
DA:381,11
DA:382,48
DA:383,37
DA:387,35
DA:388,35
DA:389,17
DA:390,20
DA:391,13
DA:393,10
DA:394,25
DA:395,15
DA:399,35
DA:400,1
DA:401,35
DA:402,1
DA:403,35
DA:405,35
DA:406,42
DA:407,28
DA:410,35
DA:411,2
DA:412,35
DA:415,49
DA:416,49
DA:418,9
DA:419,9
DA:420,9
DA:421,9
DA:422,5
DA:423,5
DA:425,4
DA:426,9
DA:428,9
DA:429,34
DA:430,31
DA:431,13
DA:433,18
DA:437,9
DA:438,9
DA:439,40
DA:440,38
DA:443,9
DA:445,16
DA:447,16
DA:448,0
DA:450,16
DA:451,16
DA:453,16
DA:456,33
DA:457,33
DA:458,33
DA:459,33
DA:461,16
DA:462,0
DA:466,26
DA:467,10
DA:468,10
DA:469,10
DA:472,16
DA:473,15
DA:474,15
DA:475,147
DA:476,132
DA:477,124
DA:478,124
DA:479,124
DA:480,15
DA:481,15
DA:482,15
DA:483,15
DA:484,15
DA:486,124
DA:487,124
DA:490,8
DA:493,16
DA:494,16
DA:496,10
DA:497,10
DA:498,10
DA:499,10
DA:500,10
DA:501,10
DA:502,28
DA:503,21
DA:504,21
DA:507,10
DA:510,1
DA:511,1
DA:512,1
DA:513,3
DA:514,3
DA:515,1
DA:516,1
DA:519,1
DA:520,1
DA:521,0
DA:523,1
DA:526,1
DA:527,0
DA:530,1
DA:533,11
DA:534,11
DA:535,11
DA:537,11
DA:538,11
DA:539,11
DA:540,2
DA:541,2
DA:542,2
DA:544,11
DA:545,11
DA:546,11
DA:547,11
DA:549,11
DA:550,11
DA:551,10
DA:553,11
DA:555,11
DA:556,3
DA:557,8
DA:558,0
DA:560,11
DA:561,10
DA:562,1
DA:563,1
DA:564,0
DA:565,0
DA:566,11
DA:568,11
DA:569,6
DA:570,5
DA:571,1
DA:573,4
DA:575,11
DA:577,11
DA:578,2
DA:579,0
DA:581,2
DA:583,9
DA:584,0
DA:586,9
DA:588,11
DA:590,11
DA:591,7
DA:592,0
DA:594,11
DA:595,2
DA:596,2
DA:598,2
DA:599,0
DA:600,0
DA:604,2
DA:605,1
DA:607,1
DA:608,0
DA:610,2
DA:612,2
DA:613,2
DA:614,0
DA:615,0
DA:617,2
DA:618,10
DA:619,8
DA:623,9
DA:624,1
DA:625,9
DA:626,2
DA:627,0
DA:628,0
DA:629,0
DA:631,2
DA:632,15
DA:633,13
DA:635,2
DA:637,7
DA:638,0
DA:640,9
DA:641,0
DA:643,9
DA:644,0
DA:645,0
DA:648,9
DA:649,0
DA:650,0
DA:651,0
DA:654,9
DA:657,11
DA:658,11
DA:659,4
DA:660,4
DA:661,4
DA:663,4
DA:665,4
DA:666,4
DA:667,3
DA:668,5
DA:669,3
DA:670,3
DA:672,0
DA:675,5
DA:676,4
DA:677,4
DA:679,0
DA:683,4
DA:684,32
DA:685,31
DA:686,31
DA:687,31
DA:690,1
DA:692,4
DA:693,3
DA:694,2
DA:697,4
DA:699,5
DA:700,5
DA:701,5
DA:702,22
DA:703,17
DA:704,17
DA:706,17
DA:707,12
DA:708,12
DA:710,5
DA:712,5
DA:713,5
DA:714,22
DA:715,17
DA:717,17
DA:718,12
DA:720,5
DA:723,6
DA:724,6
DA:725,6
DA:726,6
DA:727,6
DA:729,6
DA:730,6
DA:731,2
DA:732,2
DA:733,2
DA:734,2
DA:737,6
DA:738,6
DA:739,6
DA:743,6
DA:744,5
DA:745,5
DA:746,1
DA:747,1
DA:748,1
DA:751,6
DA:752,6
DA:753,6
DA:754,0
DA:755,6
DA:756,0
DA:758,6
DA:759,6
DA:760,6
DA:761,1
DA:763,5
DA:765,6
DA:767,6
DA:768,2
DA:769,2
DA:770,6
DA:771,3
DA:772,1
DA:773,1
DA:774,2
DA:775,0
DA:776,2
DA:777,2
DA:778,2
DA:781,6
DA:782,6
DA:784,6
DA:785,0
DA:786,0
DA:787,0
DA:790,6
DA:792,6
DA:793,6
DA:794,1
DA:796,5
DA:797,6
DA:798,4
DA:800,2
DA:801,6
DA:803,6
DA:805,6
DA:806,6
DA:808,6
DA:809,1
DA:810,0
DA:811,0
DA:812,1
DA:813,7
DA:814,0
DA:815,0
DA:816,0
DA:820,6
DA:821,6
DA:823,1
DA:824,1
DA:826,1
DA:827,0
DA:829,1
DA:831,1
DA:832,1
DA:833,1
DA:835,1
DA:836,0
DA:837,1
DA:838,1
DA:839,0
DA:840,1
DA:841,1
DA:843,1
DA:846,0
DA:848,1
DA:850,3
DA:851,3
DA:853,3
DA:854,3
DA:855,3
DA:856,3
DA:857,3
DA:858,3
DA:859,3
DA:861,3
DA:862,1
DA:863,2
DA:864,0
DA:866,2
DA:867,3
DA:868,3
DA:870,3
DA:871,0
DA:873,3
DA:875,3
DA:876,1
DA:878,1
DA:879,0
DA:880,0
DA:884,1
DA:886,1
DA:887,1
DA:888,0
DA:889,0
DA:891,1
DA:892,7
DA:893,6
DA:897,2
DA:898,2
DA:899,1
DA:900,0
DA:901,0
DA:903,1
DA:904,7
DA:905,6
DA:910,2
DA:912,2
DA:913,0
DA:914,0
DA:918,2
DA:921,3
DA:922,3
DA:924,245
DA:926,245
DA:927,245
DA:929,777
DA:930,532
DA:931,248
DA:932,248
DA:933,248
DA:934,248
DA:935,248
DA:936,248
DA:937,248
DA:939,248
DA:940,166
DA:943,248
DA:945,248
DA:946,10
DA:947,10
DA:948,0
DA:950,10
DA:951,10
DA:954,248
DA:956,248
DA:957,248
DA:958,5
DA:959,5
DA:960,5
DA:963,248
DA:964,22
DA:966,22
DA:969,248
DA:970,1
DA:972,248
DA:973,7
DA:974,7
DA:975,7
DA:978,248
DA:979,6
DA:980,6
DA:981,2
DA:983,4
DA:984,6
DA:987,248
DA:990,284
DA:992,532
DA:995,245
end_of_record
TN:test_funct
SF:/mnt/d/Repos/C2_s21_stringplus-2/src/function/s21_strchr.c
FN:3,s21_strchr
FNDA:89,s21_strchr
DA:3,89
DA:4,89
DA:5,515
DA:6,426
DA:8,89
end_of_record
TN:test_funct
SF:/mnt/d/Repos/C2_s21_stringplus-2/src/function/s21_strcspn.c
FN:3,s21_strcspn
FNDA:3,s21_strcspn
DA:3,3
DA:4,3
DA:5,3
DA:6,57
DA:7,216
DA:8,162
DA:10,54
DA:12,3
end_of_record
TN:test_funct
SF:/mnt/d/Repos/C2_s21_stringplus-2/src/function/s21_strerror.c
FN:9,s21_strerror
FNDA:3,s21_strerror
DA:9,3
DA:123,3
DA:260,3
DA:261,2
DA:263,1
DA:265,3
end_of_record
TN:test_funct
SF:/mnt/d/Repos/C2_s21_stringplus-2/src/function/s21_strlen.c
FN:3,s21_strlen
FNDA:1628,s21_strlen
DA:3,1628
DA:4,1628
DA:5,1628
DA:6,8779
DA:9,1628
end_of_record
TN:test_funct
SF:/mnt/d/Repos/C2_s21_stringplus-2/src/function/s21_strncat.c
FN:3,s21_strncat
FNDA:1520,s21_strncat
DA:3,1520
DA:6,8682
DA:8,5319
DA:9,3799
DA:12,1520
DA:14,1520
end_of_record
TN:test_funct
SF:/mnt/d/Repos/C2_s21_stringplus-2/src/function/s21_strncmp.c
FN:3,s21_strncmp
FNDA:6,s21_strncmp
DA:3,6
DA:4,6
DA:5,6
DA:6,6
DA:7,6
DA:8,28
DA:9,22
DA:10,1
DA:11,1
DA:13,22
DA:14,22
DA:16,6
end_of_record
TN:test_funct
SF:/mnt/d/Repos/C2_s21_stringplus-2/src/function/s21_strncpy.c
FN:3,s21_strncpy
FNDA:4,s21_strncpy
DA:3,4
DA:4,274
DA:5,270
DA:7,4
end_of_record
TN:test_funct
SF:/mnt/d/Repos/C2_s21_stringplus-2/src/function/s21_strpbrk.c
FN:5,s21_strpbrk
FNDA:4,s21_strpbrk
DA:5,4
DA:6,4
DA:7,4
DA:8,58
DA:9,108
DA:10,54
DA:11,21
DA:14,54
DA:15,54
DA:17,4
DA:18,4
end_of_record
TN:test_funct
SF:/mnt/d/Repos/C2_s21_stringplus-2/src/function/s21_strrchr.c
FN:3,s21_strrchr
FNDA:2,s21_strrchr
DA:3,2
DA:4,2
DA:5,20
DA:6,18
DA:7,18
DA:9,2
DA:10,2
end_of_record
TN:test_funct
SF:/mnt/d/Repos/C2_s21_stringplus-2/src/function/s21_strstr.c
FN:3,s21_strstr
FNDA:4,s21_strstr
DA:3,4
DA:4,4
DA:5,4
DA:6,4
DA:7,112
DA:8,169
DA:9,61
DA:11,108
DA:12,50
DA:13,300
DA:14,250
DA:16,50
DA:19,4
DA:20,4
DA:21,4
DA:22,4
end_of_record
TN:test_funct
SF:/mnt/d/Repos/C2_s21_stringplus-2/src/function/s21_strtok.c
FN:3,s21_strtok
FNDA:11,s21_strtok
DA:3,11
DA:9,11
DA:10,3
DA:11,3
DA:12,3
DA:14,11
DA:15,47
DA:16,39
DA:17,39
DA:19,18
DA:20,10
DA:21,10
DA:24,3
DA:25,3
DA:26,97
DA:27,376
DA:28,282
DA:32,11
DA:34,11
end_of_record
TN:test_funct
SF:/mnt/d/Repos/C2_s21_stringplus-2/src/tests/s21_test.c
FN:9,test_memchr_found_fn
FNDA:1,test_memchr_found_fn
FN:17,test_memchr_first_character_fn
FNDA:1,test_memchr_first_character_fn
FN:25,test_memchr_last_character_fn
FNDA:1,test_memchr_last_character_fn
FN:33,test_memchr_character_not_found_fn
FNDA:1,test_memchr_character_not_found_fn
FN:41,test_memchr_empty_string_fn
FNDA:1,test_memchr_empty_string_fn
FN:49,test_memchr_zero_length_fn
FNDA:1,test_memchr_zero_length_fn
FN:57,test_memchr_search_after_n_characters_fn
FNDA:1,test_memchr_search_after_n_characters_fn
FN:65,test_memchr_search_after_last_character_fn
FNDA:1,test_memchr_search_after_last_character_fn
FN:73,test_memchr_search_for_null_terminator_fn
FNDA:1,test_memchr_search_for_null_terminator_fn
FN:84,test_memcmp_equal_memory_fn
FNDA:1,test_memcmp_equal_memory_fn
FN:93,test_memcmp_equal_memory1_fn
FNDA:1,test_memcmp_equal_memory1_fn
FN:102,test_memcmp_dop_fn
FNDA:1,test_memcmp_dop_fn
FN:111,test_memcmp_equal_prefix_fn
FNDA:1,test_memcmp_equal_prefix_fn
FN:120,test_memcmp_zero_length_fn
FNDA:1,test_memcmp_zero_length_fn
FN:132,test_memcpy_normal_fn
FNDA:1,test_memcpy_normal_fn
FN:147,test_memset_normal_fn
FNDA:1,test_memset_normal_fn
FN:164,test_memset_zero_length_fn
FNDA:1,test_memset_zero_length_fn
FN:181,test_memset_char_zero_fn
FNDA:1,test_memset_char_zero_fn
FN:201,test_strncat_normal_fn
FNDA:1,test_strncat_normal_fn
FN:212,test_strncat_append_to_empty_string_fn
FNDA:1,test_strncat_append_to_empty_string_fn
FN:223,test_strncat_append_zero_characters_fn
FNDA:1,test_strncat_append_zero_characters_fn
FN:234,test_strncat_append_past_dest_size_fn
FNDA:1,test_strncat_append_past_dest_size_fn
FN:245,test_strncat_overflow_line_fn
FNDA:1,test_strncat_overflow_line_fn
FN:259,test_strchr_normal_fn
FNDA:1,test_strchr_normal_fn
FN:268,test_strchr_not_found_fn
FNDA:1,test_strchr_not_found_fn
FN:279,test_strncmp_normal_fn
FNDA:1,test_strncmp_normal_fn
FN:289,test_strncmp_much_fn
FNDA:1,test_strncmp_much_fn
FN:299,test_s21_strncmp_normal_fn
FNDA:1,test_s21_strncmp_normal_fn
FN:309,test_strncmp_different_strings_fn
FNDA:1,test_strncmp_different_strings_fn
FN:319,test_strncmp_n_zero_fn
FNDA:1,test_strncmp_n_zero_fn
FN:329,test_strncmp_second_condition_fn
FNDA:1,test_strncmp_second_condition_fn
FN:342,test_strncpy_normal_fn
FNDA:1,test_strncpy_normal_fn
FN:351,test_strncpy_long_n_fn
FNDA:1,test_strncpy_long_n_fn
FN:360,test_strncpy_empty_src_fn
FNDA:1,test_strncpy_empty_src_fn
FN:374,test_strcspn_normal_fn
FNDA:1,test_strcspn_normal_fn
FN:383,test_strcspn_empty_fn
FNDA:1,test_strcspn_empty_fn
FN:392,test_strcspn_no_match_fn
FNDA:1,test_strcspn_no_match_fn
FN:404,test_strlen_normal_string_fn
FNDA:1,test_strlen_normal_string_fn
FN:412,test_strlen_empty_string_fn
FNDA:1,test_strlen_empty_string_fn
FN:423,test_strpbrk_normal_fn
FNDA:1,test_strpbrk_normal_fn
FN:432,test_strpbrk_str1_empty_fn
FNDA:1,test_strpbrk_str1_empty_fn
FN:441,test_strpbrk_str2_empty_fn
FNDA:1,test_strpbrk_str2_empty_fn
FN:450,test_strpbrk_empty_fn
FNDA:1,test_strpbrk_empty_fn
FN:462,test_strerror_normal_fn
FNDA:1,test_strerror_normal_fn
FN:470,test_strerror_normal2_fn
FNDA:1,test_strerror_normal2_fn
FN:478,test_strerror_normal3_fn
FNDA:1,test_strerror_normal3_fn
FN:489,test_strrchr_normal_fn
FNDA:1,test_strrchr_normal_fn
FN:498,test_strrchr_not_found_fn
FNDA:1,test_strrchr_not_found_fn
FN:509,test_strstr_normal_fn
FNDA:1,test_strstr_normal_fn
FN:518,test_strstr_empty_fn
FNDA:1,test_strstr_empty_fn
FN:527,test_strstr_nefull_fn
FNDA:1,test_strstr_nefull_fn
FN:536,test_strstr_while_null_fn
FNDA:1,test_strstr_while_null_fn
FN:548,test_strtok_normal_fn
FNDA:1,test_strtok_normal_fn
FN:558,test_strtok_second_call_fn
FNDA:1,test_strtok_second_call_fn
FN:570,test_strtok_while_null_fn
FNDA:1,test_strtok_while_null_fn
FN:589,s21_sprintf_f_test_fn
FNDA:1,s21_sprintf_f_test_fn
FN:665,s21_sprintf_g_test_fn
FNDA:1,s21_sprintf_g_test_fn
FN:736,s21_sprintf_prc_test_fn
FNDA:1,s21_sprintf_prc_test_fn
FN:770,s21_sprintf_test_fn
FNDA:1,s21_sprintf_test_fn
FN:797,s21_sprintf_e_test_fn
FNDA:1,s21_sprintf_e_test_fn
FN:839,s21_sprintf_p_test_fn
FNDA:1,s21_sprintf_p_test_fn
FN:864,s21_sprintf_o_test_fn
FNDA:2,s21_sprintf_o_test_fn
FN:920,s21_sprintf_x_X_test_fn
FNDA:1,s21_sprintf_x_X_test_fn
FN:961,s21_sprintf_c_test_fn
FNDA:1,s21_sprintf_c_test_fn
FN:977,s21_sprintf_s_test_fn
FNDA:1,s21_sprintf_s_test_fn
FN:993,s21_sprintf_u_test_fn
FNDA:1,s21_sprintf_u_test_fn
FN:1120,s21_sprintf_d_test_fn
FNDA:1,s21_sprintf_d_test_fn
FN:1289,s21_sprintf_d_test_2_fn
FNDA:1,s21_sprintf_d_test_2_fn
FN:1446,s21_sprintf_d_test_3_fn
FNDA:1,s21_sprintf_d_test_3_fn
FN:1633,s21_sprintf_d_test_4_fn
FNDA:1,s21_sprintf_d_test_4_fn
FN:1796,s21_sprintf_d_test_5_fn
FNDA:1,s21_sprintf_d_test_5_fn
FN:1953,s21_sprintf_d_test_6_fn
FNDA:1,s21_sprintf_d_test_6_fn
FN:2074,s21_sprintf_d_test_0_fn
FNDA:1,s21_sprintf_d_test_0_fn
FN:2156,test_to_lower_1_fn
FNDA:1,test_to_lower_1_fn
FN:2164,test_to_lower_2_fn
FNDA:1,test_to_lower_2_fn
FN:2172,test_to_lower_3_fn
FNDA:1,test_to_lower_3_fn
FN:2180,test_to_lower_4_fn
FNDA:1,test_to_lower_4_fn
FN:2188,test_to_lower_5_fn
FNDA:1,test_to_lower_5_fn
FN:2196,test_to_lower_6_fn
FNDA:1,test_to_lower_6_fn
FN:2204,test_to_lower_7_fn
FNDA:1,test_to_lower_7_fn
FN:2212,test_to_lower_8_fn
FNDA:1,test_to_lower_8_fn
FN:2223,test_to_upper_1_fn
FNDA:1,test_to_upper_1_fn
FN:2231,test_to_upper_2_fn
FNDA:1,test_to_upper_2_fn
FN:2239,test_to_upper_3_fn
FNDA:1,test_to_upper_3_fn
FN:2247,test_to_upper_4_fn
FNDA:1,test_to_upper_4_fn
FN:2255,test_to_upper_5_fn
FNDA:1,test_to_upper_5_fn
FN:2263,test_to_upper_6_fn
FNDA:1,test_to_upper_6_fn
FN:2271,test_to_upper_7_fn
FNDA:1,test_to_upper_7_fn
FN:2279,test_to_upper_8_fn
FNDA:1,test_to_upper_8_fn
FN:2290,test_insert_1_fn
FNDA:1,test_insert_1_fn
FN:2300,test_insert_2_fn
FNDA:1,test_insert_2_fn
FN:2310,test_insert_3_fn
FNDA:1,test_insert_3_fn
FN:2320,test_insert_4_fn
FNDA:0,test_insert_4_fn
FN:2330,test_insert_5_fn
FNDA:0,test_insert_5_fn
FN:2339,test_insert_6_fn
FNDA:1,test_insert_6_fn
FN:2352,test_trim_1_fn
FNDA:1,test_trim_1_fn
FN:2361,test_trim_2_fn
FNDA:1,test_trim_2_fn
FN:2370,test_trim_3_fn
FNDA:1,test_trim_3_fn
FN:2379,test_trim_4_fn
FNDA:1,test_trim_4_fn
FN:2387,test_trim_5_fn
FNDA:1,test_trim_5_fn
FN:2396,test_trim_6_fn
FNDA:1,test_trim_6_fn
FN:2405,test_trim_7_fn
FNDA:1,test_trim_7_fn
FN:2414,test_trim_8_fn
FNDA:1,test_trim_8_fn
FN:2423,test_trim_9_fn
FNDA:1,test_trim_9_fn
FN:2432,test_trim_10_fn
FNDA:1,test_trim_10_fn
FN:2441,test_trim_11_fn
FNDA:1,test_trim_11_fn
FN:2450,test_trim_12_fn
FNDA:1,test_trim_12_fn
FN:2459,s21_string_suite
FNDA:107,s21_string_suite
FN:2635,main
FNDA:107,main
DA:9,1
DA:10,1
DA:11,1
DA:12,1
DA:13,1
DA:14,1
DA:17,1
DA:18,1
DA:19,1
DA:20,1
DA:21,1
DA:22,1
DA:25,1
DA:26,1
DA:27,1
DA:28,1
DA:29,1
DA:30,1
DA:33,1
DA:34,1
DA:35,1
DA:36,1
DA:37,1
DA:38,1
DA:41,1
DA:42,1
DA:43,1
DA:44,1
DA:45,1
DA:46,1
DA:49,1
DA:50,1
DA:51,1
DA:52,1
DA:53,1
DA:54,1
DA:57,1
DA:58,1
DA:59,1
DA:60,1
DA:61,1
DA:62,1
DA:65,1
DA:66,1
DA:67,1
DA:68,1
DA:69,1
DA:70,1
DA:73,1
DA:74,1
DA:75,1
DA:76,1
DA:77,1
DA:78,1
DA:84,1
DA:85,1
DA:86,1
DA:87,1
DA:88,1
DA:89,1
DA:90,1
DA:93,1
DA:94,1
DA:95,1
DA:96,1
DA:97,1
DA:98,1
DA:99,1
DA:102,1
DA:103,1
DA:104,1
DA:105,1
DA:106,1
DA:107,1
DA:108,1
DA:111,1
DA:112,1
DA:113,1
DA:114,1
DA:115,1
DA:116,1
DA:117,1
DA:120,1
DA:121,1
DA:122,1
DA:123,1
DA:124,1
DA:125,1
DA:126,1
DA:132,1
DA:133,1
DA:136,1
DA:137,1
DA:138,1
DA:139,1
DA:140,9
DA:141,1
DA:147,1
DA:148,1
DA:149,1
DA:150,1
DA:151,1
DA:152,1
DA:153,7
DA:154,6
DA:156,5
DA:157,4
DA:159,1
DA:160,11
DA:161,1
DA:164,1
DA:165,1
DA:166,1
DA:167,1
DA:168,1
DA:169,1
DA:170,1
DA:171,0
DA:173,11
DA:174,10
DA:176,1
DA:177,11
DA:178,1
DA:181,1
DA:182,1
DA:183,1
DA:184,1
DA:185,1
DA:186,1
DA:187,6
DA:188,5
DA:190,6
DA:191,5
DA:193,1
DA:194,11
DA:195,1
DA:201,1
DA:202,1
DA:203,1
DA:204,1
DA:205,1
DA:206,1
DA:207,1
DA:208,1
DA:209,1
DA:212,1
DA:213,1
DA:214,1
DA:215,1
DA:216,1
DA:217,1
DA:218,1
DA:219,1
DA:220,1
DA:223,1
DA:224,1
DA:225,1
DA:226,1
DA:227,1
DA:228,1
DA:229,1
DA:230,1
DA:231,1
DA:234,1
DA:235,1
DA:236,1
DA:237,1
DA:238,1
DA:239,1
DA:240,1
DA:241,1
DA:242,1
DA:245,1
DA:246,1
DA:247,1
DA:248,1
DA:249,1
DA:250,1
DA:251,1
DA:252,1
DA:253,1
DA:259,1
DA:260,1
DA:261,1
DA:262,1
DA:263,1
DA:264,1
DA:265,1
DA:268,1
DA:269,1
DA:270,1
DA:271,1
DA:272,1
DA:273,1
DA:279,1
DA:280,1
DA:281,1
DA:282,1
DA:283,1
DA:284,1
DA:285,1
DA:286,1
DA:289,1
DA:290,1
DA:291,1
DA:292,1
DA:293,1
DA:294,1
DA:295,1
DA:296,1
DA:299,1
DA:300,1
DA:301,1
DA:302,1
DA:303,1
DA:304,1
DA:305,1
DA:306,1
DA:309,1
DA:310,1
DA:311,1
DA:312,1
DA:313,1
DA:314,1
DA:315,1
DA:316,1
DA:319,1
DA:320,1
DA:321,1
DA:322,1
DA:323,1
DA:324,1
DA:325,1
DA:326,1
DA:329,1
DA:330,1
DA:331,1
DA:332,1
DA:333,1
DA:334,1
DA:335,1
DA:336,1
DA:342,1
DA:344,1
DA:345,1
DA:346,1
DA:347,1
DA:348,1
DA:351,1
DA:353,1
DA:354,1
DA:355,1
DA:356,1
DA:357,1
DA:360,1
DA:361,1
DA:362,1
DA:363,1
DA:364,1
DA:365,1
DA:366,1
DA:367,1
DA:368,1
DA:374,1
DA:375,1
DA:376,1
DA:377,1
DA:378,1
DA:379,1
DA:380,1
DA:383,1
DA:384,1
DA:385,1
DA:386,1
DA:387,1
DA:388,1
DA:389,1
DA:392,1
DA:393,1
DA:394,1
DA:395,1
DA:396,1
DA:397,1
DA:398,1
DA:404,1
DA:405,1
DA:406,1
DA:407,1
DA:408,1
DA:409,1
DA:412,1
DA:413,1
DA:414,1
DA:415,1
DA:416,1
DA:417,1
DA:423,1
DA:424,1
DA:425,1
DA:426,1
DA:427,1
DA:428,1
DA:429,1
DA:432,1
DA:433,1
DA:434,1
DA:435,1
DA:436,1
DA:437,1
DA:438,1
DA:441,1
DA:442,1
DA:443,1
DA:444,1
DA:445,1
DA:446,1
DA:447,1
DA:450,1
DA:451,1
DA:452,1
DA:453,1
DA:454,1
DA:455,1
DA:456,1
DA:462,1
DA:463,1
DA:464,1
DA:465,1
DA:466,1
DA:467,1
DA:470,1
DA:471,1
DA:472,1
DA:473,1
DA:474,1
DA:475,1
DA:478,1
DA:479,1
DA:480,1
DA:481,1
DA:482,1
DA:483,1
DA:489,1
DA:490,1
DA:491,1
DA:492,1
DA:493,1
DA:494,1
DA:495,1
DA:498,1
DA:499,1
DA:500,1
DA:501,1
DA:502,1
DA:503,1
DA:509,1
DA:510,1
DA:511,1
DA:512,1
DA:513,1
DA:514,1
DA:515,1
DA:518,1
DA:519,1
DA:520,1
DA:521,1
DA:522,1
DA:523,1
DA:524,1
DA:527,1
DA:528,1
DA:529,1
DA:530,1
DA:531,1
DA:532,1
DA:533,1
DA:536,1
DA:537,1
DA:538,1
DA:539,1
DA:540,1
DA:541,1
DA:542,1
DA:548,1
DA:549,1
DA:550,1
DA:551,1
DA:552,1
DA:553,1
DA:554,1
DA:555,1
DA:558,1
DA:559,1
DA:560,1
DA:561,1
DA:562,1
DA:563,1
DA:564,1
DA:565,1
DA:566,1
DA:567,1
DA:570,1
DA:571,1
DA:572,1
DA:573,1
DA:574,1
DA:575,8
DA:576,7
DA:578,1
DA:579,8
DA:580,7
DA:582,1
DA:583,1
DA:589,1
DA:593,1
DA:594,1
DA:595,1
DA:597,1
DA:598,1
DA:600,1
DA:601,1
DA:602,1
DA:604,1
DA:605,1
DA:607,1
DA:608,1
DA:609,1
DA:611,1
DA:612,1
DA:614,1
DA:615,1
DA:616,1
DA:618,1
DA:619,1
DA:621,1
DA:622,1
DA:623,1
DA:625,1
DA:626,1
DA:628,1
DA:629,1
DA:630,1
DA:632,1
DA:633,1
DA:635,1
DA:636,1
DA:637,1
DA:639,1
DA:640,1
DA:642,1
DA:643,1
DA:644,1
DA:646,1
DA:647,1
DA:649,1
DA:650,1
DA:651,1
DA:653,1
DA:654,1
DA:656,1
DA:657,1
DA:658,1
DA:660,1
DA:661,1
DA:662,1
DA:665,1
DA:669,1
DA:670,1
DA:671,1
DA:673,1
DA:674,1
DA:733,1
DA:736,1
DA:740,1
DA:741,1
DA:742,1
DA:743,1
DA:745,1
DA:747,1
DA:748,1
DA:750,1
DA:751,1
DA:753,1
DA:754,1
DA:756,1
DA:757,1
DA:759,1
DA:760,1
DA:762,1
DA:763,1
DA:765,1
DA:766,1
DA:767,1
DA:770,1
DA:773,1
DA:774,1
DA:775,1
DA:776,1
DA:777,1
DA:778,1
DA:779,1
DA:781,1
DA:782,1
DA:783,1
DA:784,1
DA:785,1
DA:787,1
DA:788,1
DA:789,1
DA:790,1
DA:791,1
DA:792,1
DA:793,1
DA:794,1
DA:797,1
DA:801,1
DA:802,1
DA:803,1
DA:804,1
DA:805,1
DA:806,1
DA:808,1
DA:809,1
DA:810,1
DA:811,1
DA:812,1
DA:813,1
DA:815,1
DA:816,1
DA:817,1
DA:818,1
DA:819,1
DA:820,1
DA:822,1
DA:823,1
DA:824,1
DA:825,1
DA:826,1
DA:827,1
DA:828,1
DA:830,1
DA:831,1
DA:832,1
DA:833,1
DA:834,1
DA:835,1
DA:836,1
DA:839,1
DA:843,1
DA:844,1
DA:845,1
DA:846,1
DA:848,1
DA:849,1
DA:851,1
DA:852,1
DA:854,1
DA:856,1
DA:858,1
DA:859,1
DA:860,1
DA:861,1
DA:864,2
DA:865,2
DA:868,2
DA:869,2
DA:870,2
DA:871,2
DA:873,2
DA:874,2
DA:875,2
DA:876,2
DA:878,2
DA:879,2
DA:880,2
DA:882,2
DA:883,2
DA:884,2
DA:886,2
DA:887,2
DA:888,2
DA:889,2
DA:891,2
DA:892,2
DA:893,2
DA:894,2
DA:896,2
DA:897,2
DA:898,2
DA:900,2
DA:901,2
DA:902,2
DA:903,2
DA:905,2
DA:906,2
DA:907,2
DA:908,2
DA:910,2
DA:911,2
DA:912,2
DA:914,2
DA:915,2
DA:916,2
DA:917,2
DA:920,1
DA:921,1
DA:924,1
DA:925,1
DA:926,1
DA:927,1
DA:929,1
DA:930,1
DA:931,1
DA:932,1
DA:934,1
DA:935,1
DA:936,1
DA:937,1
DA:939,1
DA:940,1
DA:941,1
DA:942,1
DA:944,1
DA:945,1
DA:946,1
DA:947,1
DA:949,1
DA:950,1
DA:951,1
DA:952,1
DA:954,1
DA:955,1
DA:956,1
DA:957,1
DA:958,1
DA:961,1
DA:964,1
DA:965,1
DA:966,1
DA:967,1
DA:968,1
DA:970,1
DA:971,1
DA:972,1
DA:973,1
DA:974,1
DA:977,1
DA:980,1
DA:981,1
DA:982,1
DA:983,1
DA:984,1
DA:986,1
DA:987,1
DA:988,1
DA:989,1
DA:990,1
DA:993,1
DA:996,1
DA:998,1
DA:999,1
DA:1001,1
DA:1002,1
DA:1004,1
DA:1005,1
DA:1007,1
DA:1008,1
DA:1010,1
DA:1011,1
DA:1013,1
DA:1014,1
DA:1016,1
DA:1017,1
DA:1019,1
DA:1020,1
DA:1022,1
DA:1023,1
DA:1025,1
DA:1026,1
DA:1028,1
DA:1029,1
DA:1031,1
DA:1032,1
DA:1034,1
DA:1035,1
DA:1037,1
DA:1038,1
DA:1040,1
DA:1041,1
DA:1043,1
DA:1044,1
DA:1046,1
DA:1047,1
DA:1049,1
DA:1050,1
DA:1052,1
DA:1053,1
DA:1055,1
DA:1056,1
DA:1058,1
DA:1059,1
DA:1061,1
DA:1062,1
DA:1064,1
DA:1065,1
DA:1067,1
DA:1068,1
DA:1070,1
DA:1071,1
DA:1073,1
DA:1074,1
DA:1076,1
DA:1077,1
DA:1079,1
DA:1080,1
DA:1082,1
DA:1083,1
DA:1085,1
DA:1086,1
DA:1088,1
DA:1089,1
DA:1091,1
DA:1092,1
DA:1094,1
DA:1095,1
DA:1097,1
DA:1098,1
DA:1100,1
DA:1101,1
DA:1103,1
DA:1104,1
DA:1106,1
DA:1107,1
DA:1109,1
DA:1110,1
DA:1112,1
DA:1113,1
DA:1115,1
DA:1116,1
DA:1117,1
DA:1120,1
DA:1123,1
DA:1125,1
DA:1126,1
DA:1128,1
DA:1129,1
DA:1131,1
DA:1132,1
DA:1134,1
DA:1135,1
DA:1137,1
DA:1138,1
DA:1140,1
DA:1141,1
DA:1143,1
DA:1144,1
DA:1146,1
DA:1147,1
DA:1149,1
DA:1150,1
DA:1152,1
DA:1153,1
DA:1155,1
DA:1156,1
DA:1158,1
DA:1159,1
DA:1161,1
DA:1162,1
DA:1164,1
DA:1165,1
DA:1167,1
DA:1168,1
DA:1170,1
DA:1171,1
DA:1173,1
DA:1174,1
DA:1176,1
DA:1177,1
DA:1179,1
DA:1180,1
DA:1182,1
DA:1183,1
DA:1185,1
DA:1186,1
DA:1188,1
DA:1189,1
DA:1191,1
DA:1192,1
DA:1194,1
DA:1195,1
DA:1197,1
DA:1198,1
DA:1200,1
DA:1201,1
DA:1203,1
DA:1204,1
DA:1206,1
DA:1207,1
DA:1209,1
DA:1210,1
DA:1212,1
DA:1213,1
DA:1215,1
DA:1216,1
DA:1218,1
DA:1219,1
DA:1221,1
DA:1222,1
DA:1224,1
DA:1225,1
DA:1227,1
DA:1228,1
DA:1230,1
DA:1231,1
DA:1233,1
DA:1234,1
DA:1236,1
DA:1237,1
DA:1239,1
DA:1240,1
DA:1242,1
DA:1243,1
DA:1245,1
DA:1246,1
DA:1248,1
DA:1249,1
DA:1251,1
DA:1252,1
DA:1254,1
DA:1255,1
DA:1257,1
DA:1258,1
DA:1260,1
DA:1261,1
DA:1263,1
DA:1264,1
DA:1266,1
DA:1267,1
DA:1269,1
DA:1270,1
DA:1272,1
DA:1273,1
DA:1275,1
DA:1276,1
DA:1278,1
DA:1279,1
DA:1281,1
DA:1282,1
DA:1284,1
DA:1285,1
DA:1286,1
DA:1289,1
DA:1292,1
DA:1294,1
DA:1295,1
DA:1297,1
DA:1298,1
DA:1300,1
DA:1301,1
DA:1303,1
DA:1304,1
DA:1306,1
DA:1307,1
DA:1309,1
DA:1310,1
DA:1312,1
DA:1313,1
DA:1315,1
DA:1316,1
DA:1318,1
DA:1319,1
DA:1321,1
DA:1322,1
DA:1324,1
DA:1325,1
DA:1327,1
DA:1328,1
DA:1330,1
DA:1331,1
DA:1333,1
DA:1334,1
DA:1336,1
DA:1337,1
DA:1339,1
DA:1340,1
DA:1342,1
DA:1343,1
DA:1345,1
DA:1346,1
DA:1348,1
DA:1349,1
DA:1351,1
DA:1352,1
DA:1354,1
DA:1355,1
DA:1357,1
DA:1358,1
DA:1360,1
DA:1361,1
DA:1363,1
DA:1364,1
DA:1366,1
DA:1367,1
DA:1369,1
DA:1370,1
DA:1372,1
DA:1373,1
DA:1375,1
DA:1376,1
DA:1378,1
DA:1379,1
DA:1381,1
DA:1382,1
DA:1384,1
DA:1385,1
DA:1387,1
DA:1388,1
DA:1390,1
DA:1391,1
DA:1393,1
DA:1394,1
DA:1396,1
DA:1397,1
DA:1399,1
DA:1400,1
DA:1402,1
DA:1403,1
DA:1405,1
DA:1406,1
DA:1408,1
DA:1409,1
DA:1411,1
DA:1412,1
DA:1414,1
DA:1415,1
DA:1417,1
DA:1418,1
DA:1420,1
DA:1421,1
DA:1423,1
DA:1424,1
DA:1426,1
DA:1427,1
DA:1429,1
DA:1430,1
DA:1432,1
DA:1433,1
DA:1435,1
DA:1436,1
DA:1438,1
DA:1439,1
DA:1441,1
DA:1442,1
DA:1443,1
DA:1446,1
DA:1449,1
DA:1451,1
DA:1452,1
DA:1454,1
DA:1455,1
DA:1457,1
DA:1458,1
DA:1460,1
DA:1461,1
DA:1463,1
DA:1464,1
DA:1466,1
DA:1467,1
DA:1469,1
DA:1470,1
DA:1472,1
DA:1473,1
DA:1475,1
DA:1476,1
DA:1478,1
DA:1479,1
DA:1481,1
DA:1482,1
DA:1484,1
DA:1485,1
DA:1487,1
DA:1488,1
DA:1490,1
DA:1491,1
DA:1493,1
DA:1494,1
DA:1496,1
DA:1497,1
DA:1499,1
DA:1500,1
DA:1502,1
DA:1503,1
DA:1505,1
DA:1506,1
DA:1508,1
DA:1509,1
DA:1511,1
DA:1512,1
DA:1514,1
DA:1515,1
DA:1517,1
DA:1518,1
DA:1520,1
DA:1521,1
DA:1523,1
DA:1524,1
DA:1526,1
DA:1527,1
DA:1529,1
DA:1530,1
DA:1532,1
DA:1533,1
DA:1535,1
DA:1536,1
DA:1538,1
DA:1539,1
DA:1541,1
DA:1542,1
DA:1544,1
DA:1545,1
DA:1547,1
DA:1548,1
DA:1550,1
DA:1551,1
DA:1553,1
DA:1554,1
DA:1556,1
DA:1557,1
DA:1559,1
DA:1560,1
DA:1562,1
DA:1563,1
DA:1565,1
DA:1566,1
DA:1568,1
DA:1569,1
DA:1571,1
DA:1572,1
DA:1574,1
DA:1575,1
DA:1577,1
DA:1578,1
DA:1580,1
DA:1581,1
DA:1583,1
DA:1584,1
DA:1586,1
DA:1587,1
DA:1589,1
DA:1590,1
DA:1592,1
DA:1593,1
DA:1595,1
DA:1596,1
DA:1598,1
DA:1599,1
DA:1601,1
DA:1602,1
DA:1604,1
DA:1605,1
DA:1607,1
DA:1608,1
DA:1610,1
DA:1611,1
DA:1613,1
DA:1614,1
DA:1616,1
DA:1617,1
DA:1619,1
DA:1620,1
DA:1622,1
DA:1623,1
DA:1625,1
DA:1626,1
DA:1628,1
DA:1629,1
DA:1630,1
DA:1633,1
DA:1636,1
DA:1638,1
DA:1639,1
DA:1641,1
DA:1642,1
DA:1644,1
DA:1645,1
DA:1647,1
DA:1648,1
DA:1650,1
DA:1651,1
DA:1653,1
DA:1654,1
DA:1656,1
DA:1657,1
DA:1659,1
DA:1660,1
DA:1662,1
DA:1663,1
DA:1665,1
DA:1666,1
DA:1668,1
DA:1669,1
DA:1671,1
DA:1672,1
DA:1674,1
DA:1675,1
DA:1677,1
DA:1678,1
DA:1680,1
DA:1681,1
DA:1683,1
DA:1684,1
DA:1686,1
DA:1687,1
DA:1689,1
DA:1690,1
DA:1692,1
DA:1693,1
DA:1695,1
DA:1696,1
DA:1698,1
DA:1699,1
DA:1701,1
DA:1702,1
DA:1704,1
DA:1705,1
DA:1707,1
DA:1708,1
DA:1710,1
DA:1711,1
DA:1713,1
DA:1714,1
DA:1716,1
DA:1717,1
DA:1719,1
DA:1720,1
DA:1722,1
DA:1723,1
DA:1725,1
DA:1726,1
DA:1728,1
DA:1729,1
DA:1731,1
DA:1732,1
DA:1734,1
DA:1735,1
DA:1737,1
DA:1738,1
DA:1740,1
DA:1741,1
DA:1743,1
DA:1744,1
DA:1746,1
DA:1747,1
DA:1749,1
DA:1750,1
DA:1752,1
DA:1753,1
DA:1755,1
DA:1756,1
DA:1758,1
DA:1759,1
DA:1761,1
DA:1762,1
DA:1764,1
DA:1765,1
DA:1767,1
DA:1768,1
DA:1770,1
DA:1771,1
DA:1773,1
DA:1774,1
DA:1776,1
DA:1777,1
DA:1779,1
DA:1780,1
DA:1782,1
DA:1783,1
DA:1785,1
DA:1786,1
DA:1788,1
DA:1789,1
DA:1791,1
DA:1792,1
DA:1793,1
DA:1796,1
DA:1799,1
DA:1801,1
DA:1802,1
DA:1804,1
DA:1805,1
DA:1807,1
DA:1808,1
DA:1810,1
DA:1811,1
DA:1813,1
DA:1814,1
DA:1816,1
DA:1817,1
DA:1819,1
DA:1820,1
DA:1822,1
DA:1823,1
DA:1825,1
DA:1826,1
DA:1828,1
DA:1829,1
DA:1831,1
DA:1832,1
DA:1834,1
DA:1835,1
DA:1837,1
DA:1838,1
DA:1840,1
DA:1841,1
DA:1843,1
DA:1844,1
DA:1846,1
DA:1847,1
DA:1849,1
DA:1850,1
DA:1852,1
DA:1853,1
DA:1855,1
DA:1856,1
DA:1858,1
DA:1859,1
DA:1861,1
DA:1862,1
DA:1864,1
DA:1865,1
DA:1867,1
DA:1868,1
DA:1870,1
DA:1871,1
DA:1873,1
DA:1874,1
DA:1876,1
DA:1877,1
DA:1879,1
DA:1880,1
DA:1882,1
DA:1883,1
DA:1885,1
DA:1886,1
DA:1888,1
DA:1889,1
DA:1891,1
DA:1892,1
DA:1894,1
DA:1895,1
DA:1897,1
DA:1898,1
DA:1900,1
DA:1901,1
DA:1903,1
DA:1904,1
DA:1906,1
DA:1907,1
DA:1909,1
DA:1910,1
DA:1912,1
DA:1913,1
DA:1915,1
DA:1916,1
DA:1918,1
DA:1919,1
DA:1921,1
DA:1922,1
DA:1924,1
DA:1925,1
DA:1927,1
DA:1928,1
DA:1930,1
DA:1931,1
DA:1933,1
DA:1934,1
DA:1936,1
DA:1937,1
DA:1939,1
DA:1940,1
DA:1942,1
DA:1943,1
DA:1945,1
DA:1946,1
DA:1948,1
DA:1949,1
DA:1950,1
DA:1953,1
DA:1956,1
DA:1958,1
DA:1959,1
DA:1961,1
DA:1962,1
DA:1964,1
DA:1965,1
DA:1967,1
DA:1968,1
DA:1970,1
DA:1971,1
DA:1973,1
DA:1974,1
DA:1976,1
DA:1977,1
DA:1979,1
DA:1980,1
DA:1982,1
DA:1983,1
DA:1985,1
DA:1986,1
DA:1988,1
DA:1989,1
DA:1991,1
DA:1992,1
DA:1994,1
DA:1995,1
DA:1997,1
DA:1998,1
DA:2000,1
DA:2001,1
DA:2003,1
DA:2004,1
DA:2006,1
DA:2007,1
DA:2009,1
DA:2010,1
DA:2012,1
DA:2013,1
DA:2015,1
DA:2016,1
DA:2018,1
DA:2019,1
DA:2021,1
DA:2022,1
DA:2024,1
DA:2025,1
DA:2027,1
DA:2028,1
DA:2030,1
DA:2031,1
DA:2033,1
DA:2034,1
DA:2036,1
DA:2037,1
DA:2039,1
DA:2040,1
DA:2042,1
DA:2043,1
DA:2045,1
DA:2046,1
DA:2048,1
DA:2049,1
DA:2051,1
DA:2052,1
DA:2054,1
DA:2055,1
DA:2057,1
DA:2058,1
DA:2060,1
DA:2061,1
DA:2063,1
DA:2064,1
DA:2066,1
DA:2067,1
DA:2069,1
DA:2070,1
DA:2071,1
DA:2074,1
DA:2077,1
DA:2079,1
DA:2080,1
DA:2082,1
DA:2083,1
DA:2085,1
DA:2086,1
DA:2088,1
DA:2089,1
DA:2091,1
DA:2092,1
DA:2094,1
DA:2095,1
DA:2097,1
DA:2098,1
DA:2100,1
DA:2101,1
DA:2103,1
DA:2104,1
DA:2106,1
DA:2107,1
DA:2109,1
DA:2110,1
DA:2112,1
DA:2113,1
DA:2115,1
DA:2116,1
DA:2118,1
DA:2119,1
DA:2121,1
DA:2122,1
DA:2124,1
DA:2125,1
DA:2127,1
DA:2128,1
DA:2130,1
DA:2131,1
DA:2133,1
DA:2134,1
DA:2136,1
DA:2137,1
DA:2139,1
DA:2140,1
DA:2142,1
DA:2143,1
DA:2145,1
DA:2146,1
DA:2148,1
DA:2149,1
DA:2150,1
DA:2156,1
DA:2157,1
DA:2158,1
DA:2159,1
DA:2160,1
DA:2161,1
DA:2164,1
DA:2165,1
DA:2166,1
DA:2167,1
DA:2168,1
DA:2169,1
DA:2172,1
DA:2173,1
DA:2174,1
DA:2175,1
DA:2176,1
DA:2177,1
DA:2180,1
DA:2181,1
DA:2182,1
DA:2183,1
DA:2184,1
DA:2185,1
DA:2188,1
DA:2189,1
DA:2190,1
DA:2191,1
DA:2192,1
DA:2193,1
DA:2196,1
DA:2197,1
DA:2198,1
DA:2199,1
DA:2200,1
DA:2201,1
DA:2204,1
DA:2205,1
DA:2206,1
DA:2207,1
DA:2208,1
DA:2209,1
DA:2212,1
DA:2213,1
DA:2214,1
DA:2215,1
DA:2216,1
DA:2217,1
DA:2223,1
DA:2224,1
DA:2225,1
DA:2226,1
DA:2227,1
DA:2228,1
DA:2231,1
DA:2232,1
DA:2233,1
DA:2234,1
DA:2235,1
DA:2236,1
DA:2239,1
DA:2240,1
DA:2241,1
DA:2242,1
DA:2243,1
DA:2244,1
DA:2247,1
DA:2248,1
DA:2249,1
DA:2250,1
DA:2251,1
DA:2252,1
DA:2255,1
DA:2256,1
DA:2257,1
DA:2258,1
DA:2259,1
DA:2260,1
DA:2263,1
DA:2264,1
DA:2265,1
DA:2266,1
DA:2267,1
DA:2268,1
DA:2271,1
DA:2272,1
DA:2273,1
DA:2274,1
DA:2275,1
DA:2276,1
DA:2279,1
DA:2280,1
DA:2281,1
DA:2282,1
DA:2283,1
DA:2284,1
DA:2290,1
DA:2291,1
DA:2292,1
DA:2293,1
DA:2294,1
DA:2295,1
DA:2296,1
DA:2297,1
DA:2300,1
DA:2301,1
DA:2302,1
DA:2303,1
DA:2304,1
DA:2305,1
DA:2306,1
DA:2307,1
DA:2310,1
DA:2311,1
DA:2312,1
DA:2313,1
DA:2314,1
DA:2315,1
DA:2316,1
DA:2317,1
DA:2320,0
DA:2321,0
DA:2322,0
DA:2323,0
DA:2324,0
DA:2325,0
DA:2326,0
DA:2327,0
DA:2330,0
DA:2331,0
DA:2332,0
DA:2333,0
DA:2334,0
DA:2335,0
DA:2336,0
DA:2339,1
DA:2340,1
DA:2341,1
DA:2342,1
DA:2343,1
DA:2344,1
DA:2345,1
DA:2346,1
DA:2352,1
DA:2353,1
DA:2354,1
DA:2355,1
DA:2356,1
DA:2357,1
DA:2358,1
DA:2361,1
DA:2362,1
DA:2363,1
DA:2364,1
DA:2365,1
DA:2366,1
DA:2367,1
DA:2370,1
DA:2371,1
DA:2372,1
DA:2373,1
DA:2374,1
DA:2375,1
DA:2376,1
DA:2379,1
DA:2380,1
DA:2381,1
DA:2382,1
DA:2383,1
DA:2384,1
DA:2387,1
DA:2388,1
DA:2389,1
DA:2390,1
DA:2391,1
DA:2392,1
DA:2393,1
DA:2396,1
DA:2397,1
DA:2398,1
DA:2399,1
DA:2400,1
DA:2401,1
DA:2402,1
DA:2405,1
DA:2406,1
DA:2407,1
DA:2408,1
DA:2409,1
DA:2410,1
DA:2411,1
DA:2414,1
DA:2415,1
DA:2416,1
DA:2417,1
DA:2418,1
DA:2419,1
DA:2420,1
DA:2423,1
DA:2424,1
DA:2425,1
DA:2426,1
DA:2427,1
DA:2428,1
DA:2429,1
DA:2432,1
DA:2433,1
DA:2434,1
DA:2435,1
DA:2436,1
DA:2437,1
DA:2438,1
DA:2441,1
DA:2442,1
DA:2443,1
DA:2444,1
DA:2445,1
DA:2446,1
DA:2447,1
DA:2450,1
DA:2451,1
DA:2452,1
DA:2453,1
DA:2454,1
DA:2455,1
DA:2456,1
DA:2459,107
DA:2460,107
DA:2462,107
DA:2463,107
DA:2464,107
DA:2465,107
DA:2466,107
DA:2467,107
DA:2468,107
DA:2469,107
DA:2470,107
DA:2471,107
DA:2472,107
DA:2474,107
DA:2475,107
DA:2476,107
DA:2477,107
DA:2478,107
DA:2479,107
DA:2480,107
DA:2482,107
DA:2483,107
DA:2484,107
DA:2486,107
DA:2487,107
DA:2488,107
DA:2489,107
DA:2490,107
DA:2492,107
DA:2493,107
DA:2494,107
DA:2495,107
DA:2496,107
DA:2497,107
DA:2498,107
DA:2500,107
DA:2501,107
DA:2502,107
DA:2503,107
DA:2505,107
DA:2506,107
DA:2507,107
DA:2508,107
DA:2509,107
DA:2510,107
DA:2511,107
DA:2512,107
DA:2514,107
DA:2515,107
DA:2516,107
DA:2517,107
DA:2518,107
DA:2520,107
DA:2521,107
DA:2522,107
DA:2523,107
DA:2524,107
DA:2526,107
DA:2527,107
DA:2528,107
DA:2529,107
DA:2531,107
DA:2532,107
DA:2533,107
DA:2534,107
DA:2535,107
DA:2536,107
DA:2538,107
DA:2539,107
DA:2540,107
DA:2541,107
DA:2542,107
DA:2544,107
DA:2545,107
DA:2546,107
DA:2547,107
DA:2549,107
DA:2550,107
DA:2551,107
DA:2552,107
DA:2553,107
DA:2554,107
DA:2556,107
DA:2557,107
DA:2558,107
DA:2559,107
DA:2560,107
DA:2562,107
DA:2563,107
DA:2564,107
DA:2565,107
DA:2566,107
DA:2567,107
DA:2568,107
DA:2569,107
DA:2570,107
DA:2571,107
DA:2572,107
DA:2573,107
DA:2574,107
DA:2575,107
DA:2576,107
DA:2577,107
DA:2578,107
DA:2579,107
DA:2580,107
DA:2581,107
DA:2582,107
DA:2584,107
DA:2585,107
DA:2586,107
DA:2587,107
DA:2588,107
DA:2589,107
DA:2590,107
DA:2591,107
DA:2592,107
DA:2593,107
DA:2595,107
DA:2596,107
DA:2597,107
DA:2598,107
DA:2599,107
DA:2600,107
DA:2601,107
DA:2602,107
DA:2603,107
DA:2604,107
DA:2607,107
DA:2608,107
DA:2609,107
DA:2610,107
DA:2611,107
DA:2612,107
DA:2613,107
DA:2614,107
DA:2617,107
DA:2618,107
DA:2619,107
DA:2620,107
DA:2621,107
DA:2622,107
DA:2623,107
DA:2624,107
DA:2625,107
DA:2626,107
DA:2627,107
DA:2628,107
DA:2629,107
DA:2630,107
DA:2632,107
DA:2635,107
DA:2636,107
DA:2637,107
DA:2638,107
DA:2639,1
DA:2641,1
end_of_record
TN:test_funct
SF:/mnt/d/Repos/C2_s21_stringplus-2/src/function/s21_to_lower.c
FN:3,s21_to_lower
FNDA:8,s21_to_lower
DA:3,8
DA:4,8
DA:5,1
DA:8,7
DA:11,89
DA:12,82
DA:13,33
DA:15,49
DA:18,7
DA:19,7
end_of_record
TN:test_funct
SF:/mnt/d/Repos/C2_s21_stringplus-2/src/function/s21_to_upper.c
FN:3,s21_to_upper
FNDA:8,s21_to_upper
DA:3,8
DA:4,8
DA:5,1
DA:8,7
DA:11,135
DA:12,128
DA:13,94
DA:15,34
DA:18,7
DA:19,7
end_of_record
TN:test_funct
SF:/mnt/d/Repos/C2_s21_stringplus-2/src/function/s21_trim.c
FN:3,s21_trim
FNDA:12,s21_trim
DA:3,12
DA:4,12
DA:5,1
DA:8,11
DA:9,11
DA:10,11
DA:12,95
DA:13,47
DA:14,37
DA:17,81
DA:18,40
DA:19,30
DA:22,11
DA:24,1
DA:28,10
DA:29,107
DA:30,97
DA:32,10
DA:34,10
end_of_record
